
61. Printing statistics.

=== pes_traffic ===

   Number of wires:                261
   Number of wire bits:            265
   Number of public wires:          68
   Number of public wire bits:      72
   Number of memories:               0
   Number of memory bits:            0
   Number of processes:              0
   Number of cells:                262
     sky130_fd_sc_hd__a211o_2        2
     sky130_fd_sc_hd__a21bo_2        1
     sky130_fd_sc_hd__a21boi_2       1
     sky130_fd_sc_hd__a21o_2         2
     sky130_fd_sc_hd__a21oi_2        9
     sky130_fd_sc_hd__a31o_2         2
     sky130_fd_sc_hd__a31oi_2        1
     sky130_fd_sc_hd__a41o_2         2
     sky130_fd_sc_hd__and2_2        15
     sky130_fd_sc_hd__and2b_2        2
     sky130_fd_sc_hd__and3_2        23
     sky130_fd_sc_hd__and3b_2        1
     sky130_fd_sc_hd__and4_2        17
     sky130_fd_sc_hd__and4bb_2       2
     sky130_fd_sc_hd__buf_1         18
     sky130_fd_sc_hd__dfrtp_2        2
     sky130_fd_sc_hd__dfxtp_2       59
     sky130_fd_sc_hd__mux2_2         4
     sky130_fd_sc_hd__nand2_2        5
     sky130_fd_sc_hd__nand3_2        3
     sky130_fd_sc_hd__nand4_2        1
     sky130_fd_sc_hd__nor2_2        26
     sky130_fd_sc_hd__nor3_2         2
     sky130_fd_sc_hd__nor4_2         1
     sky130_fd_sc_hd__o21a_2         5
     sky130_fd_sc_hd__o21ai_2        1
     sky130_fd_sc_hd__o21ba_2        8
     sky130_fd_sc_hd__o21bai_2       1
     sky130_fd_sc_hd__or2_2          2
     sky130_fd_sc_hd__or3_2          1
     sky130_fd_sc_hd__or4_2         14
     sky130_fd_sc_hd__or4b_2         1
     sky130_fd_sc_hd__or4bb_2        1
     sky130_fd_sc_hd__xnor2_2        6
     sky130_fd_sc_hd__xor2_2        16
     sky130_vsdinv                   5

   Chip area for module '\pes_traffic': 3072.947200

